<?xml version="1.0" encoding="utf-8"?>
<coverage line-rate="0.9781" branch-rate="0.8936" version="1.9" timestamp="1759567099" lines-covered="313" lines-valid="320" branches-covered="168" branches-valid="188">
  <sources>
    <source>D:\Uni\PPOIS\L1\SetAndMatrix\Models\</source>
  </sources>
  <packages>
    <package name="SetAndMatrix" line-rate="0.9781" branch-rate="0.8936" complexity="201">
      <classes>
        <class name="SetAndMatrix.Models.Matrix" filename="Matrix.cs" line-rate="0.9904999999999999" branch-rate="0.9" complexity="146">
          <methods>
            <method name="get_Rows" signature="()" line-rate="1" branch-rate="1" complexity="1">
              <lines>
                <line number="9" hits="573" branch="False" />
              </lines>
            </method>
            <method name="get_Columns" signature="()" line-rate="1" branch-rate="1" complexity="1">
              <lines>
                <line number="10" hits="605" branch="False" />
              </lines>
            </method>
            <method name="get_Item" signature="(System.Int32,System.Int32)" line-rate="0.8" branch-rate="0.5" complexity="8">
              <lines>
                <line number="15" hits="180" branch="False" />
                <line number="16" hits="180" branch="True" condition-coverage="50% (4/8)">
                  <conditions>
                    <condition number="3" type="jump" coverage="50%" />
                    <condition number="12" type="jump" coverage="50%" />
                    <condition number="16" type="jump" coverage="50%" />
                    <condition number="35" type="jump" coverage="50%" />
                  </conditions>
                </line>
                <line number="17" hits="0" branch="False" />
                <line number="18" hits="180" branch="False" />
                <line number="19" hits="180" branch="False" />
              </lines>
            </method>
            <method name="set_Item" signature="(System.Int32,System.Int32,System.Double)" line-rate="1" branch-rate="1" complexity="8">
              <lines>
                <line number="21" hits="208" branch="False" />
                <line number="22" hits="208" branch="True" condition-coverage="100% (8/8)">
                  <conditions>
                    <condition number="3" type="jump" coverage="100%" />
                    <condition number="12" type="jump" coverage="100%" />
                    <condition number="16" type="jump" coverage="100%" />
                    <condition number="35" type="jump" coverage="100%" />
                  </conditions>
                </line>
                <line number="23" hits="4" branch="False" />
                <line number="24" hits="204" branch="False" />
                <line number="25" hits="204" branch="False" />
              </lines>
            </method>
            <method name="LoadFromFile" signature="(System.String)" line-rate="1" branch-rate="1" complexity="6">
              <lines>
                <line number="34" hits="9" branch="False" />
                <line number="35" hits="9" branch="True" condition-coverage="100% (2/2)">
                  <conditions>
                    <condition number="11" type="jump" coverage="100%" />
                  </conditions>
                </line>
                <line number="36" hits="2" branch="False" />
                <line number="38" hits="7" branch="False" />
                <line number="40" hits="3" branch="False" />
                <line number="41" hits="3" branch="False" />
                <line number="42" hits="3" branch="False" />
                <line number="44" hits="3" branch="False" />
                <line number="46" hits="18" branch="True" condition-coverage="100% (2/2)">
                  <conditions>
                    <condition number="141" type="jump" coverage="100%" />
                  </conditions>
                </line>
                <line number="47" hits="6" branch="False" />
                <line number="48" hits="6" branch="False" />
                <line number="49" hits="32" branch="True" condition-coverage="100% (2/2)">
                  <conditions>
                    <condition number="123" type="jump" coverage="100%" />
                  </conditions>
                </line>
                <line number="50" hits="10" branch="False" />
                <line number="51" hits="10" branch="False" />
                <line number="52" hits="10" branch="False" />
                <line number="53" hits="6" branch="False" />
                <line number="55" hits="3" branch="False" />
                <line number="56" hits="3" branch="False" />
              </lines>
            </method>
            <method name="Expand" signature="(System.Int32,System.Int32)" line-rate="1" branch-rate="1" complexity="8">
              <lines>
                <line number="59" hits="4" branch="False" />
                <line number="60" hits="4" branch="True" condition-coverage="100% (4/4)">
                  <conditions>
                    <condition number="8" type="jump" coverage="100%" />
                    <condition number="24" type="jump" coverage="100%" />
                  </conditions>
                </line>
                <line number="61" hits="3" branch="False" />
                <line number="63" hits="1" branch="False" />
                <line number="65" hits="6" branch="True" condition-coverage="100% (2/2)">
                  <conditions>
                    <condition number="115" type="jump" coverage="100%" />
                  </conditions>
                </line>
                <line number="66" hits="2" branch="False" />
                <line number="67" hits="12" branch="True" condition-coverage="100% (2/2)">
                  <conditions>
                    <condition number="95" type="jump" coverage="100%" />
                  </conditions>
                </line>
                <line number="68" hits="4" branch="False" />
                <line number="69" hits="4" branch="False" />
                <line number="70" hits="4" branch="False" />
                <line number="71" hits="2" branch="False" />
                <line number="73" hits="1" branch="False" />
                <line number="74" hits="1" branch="False" />
              </lines>
            </method>
            <method name="Cut" signature="(System.Int32,System.Int32)" line-rate="1" branch-rate="1" complexity="8">
              <lines>
                <line number="77" hits="5" branch="False" />
                <line number="78" hits="5" branch="True" condition-coverage="100% (4/4)">
                  <conditions>
                    <condition number="8" type="jump" coverage="100%" />
                    <condition number="24" type="jump" coverage="100%" />
                  </conditions>
                </line>
                <line number="79" hits="3" branch="False" />
                <line number="81" hits="2" branch="False" />
                <line number="83" hits="12" branch="True" condition-coverage="100% (2/2)">
                  <conditions>
                    <condition number="105" type="jump" coverage="100%" />
                  </conditions>
                </line>
                <line number="84" hits="4" branch="False" />
                <line number="85" hits="24" branch="True" condition-coverage="100% (2/2)">
                  <conditions>
                    <condition number="90" type="jump" coverage="100%" />
                  </conditions>
                </line>
                <line number="86" hits="8" branch="False" />
                <line number="87" hits="8" branch="False" />
                <line number="88" hits="8" branch="False" />
                <line number="89" hits="4" branch="False" />
                <line number="91" hits="2" branch="False" />
                <line number="92" hits="2" branch="False" />
              </lines>
            </method>
            <method name="Transpose" signature="()" line-rate="1" branch-rate="1" complexity="4">
              <lines>
                <line number="95" hits="4" branch="False" />
                <line number="96" hits="4" branch="False" />
                <line number="98" hits="22" branch="True" condition-coverage="100% (2/2)">
                  <conditions>
                    <condition number="87" type="jump" coverage="100%" />
                  </conditions>
                </line>
                <line number="99" hits="7" branch="False" />
                <line number="100" hits="44" branch="True" condition-coverage="100% (2/2)">
                  <conditions>
                    <condition number="67" type="jump" coverage="100%" />
                  </conditions>
                </line>
                <line number="101" hits="15" branch="False" />
                <line number="102" hits="15" branch="False" />
                <line number="103" hits="15" branch="False" />
                <line number="104" hits="7" branch="False" />
                <line number="106" hits="4" branch="False" />
                <line number="107" hits="4" branch="False" />
              </lines>
            </method>
            <method name="Submatrix" signature="(System.Int32,System.Int32)" line-rate="1" branch-rate="1" complexity="8">
              <lines>
                <line number="110" hits="4" branch="False" />
                <line number="111" hits="4" branch="True" condition-coverage="100% (4/4)">
                  <conditions>
                    <condition number="8" type="jump" coverage="100%" />
                    <condition number="24" type="jump" coverage="100%" />
                  </conditions>
                </line>
                <line number="112" hits="2" branch="False" />
                <line number="114" hits="2" branch="False" />
                <line number="115" hits="12" branch="True" condition-coverage="100% (2/2)">
                  <conditions>
                    <condition number="100" type="jump" coverage="100%" />
                  </conditions>
                </line>
                <line number="116" hits="4" branch="False" />
                <line number="117" hits="24" branch="True" condition-coverage="100% (2/2)">
                  <conditions>
                    <condition number="85" type="jump" coverage="100%" />
                  </conditions>
                </line>
                <line number="118" hits="8" branch="False" />
                <line number="119" hits="8" branch="False" />
                <line number="120" hits="8" branch="False" />
                <line number="121" hits="4" branch="False" />
                <line number="123" hits="2" branch="False" />
                <line number="124" hits="2" branch="False" />
              </lines>
            </method>
            <method name="IsSquare" signature="()" line-rate="1" branch-rate="1" complexity="1">
              <lines>
                <line number="127" hits="5" branch="False" />
              </lines>
            </method>
            <method name="IsDiagonal" signature="()" line-rate="1" branch-rate="1" complexity="8">
              <lines>
                <line number="130" hits="2" branch="False" />
                <line number="131" hits="10" branch="True" condition-coverage="100% (2/2)">
                  <conditions>
                    <condition number="86" type="jump" coverage="100%" />
                  </conditions>
                </line>
                <line number="132" hits="4" branch="False" />
                <line number="133" hits="28" branch="True" condition-coverage="100% (2/2)">
                  <conditions>
                    <condition number="66" type="jump" coverage="100%" />
                  </conditions>
                </line>
                <line number="134" hits="11" branch="False" />
                <line number="135" hits="12" branch="True" condition-coverage="100% (4/4)">
                  <conditions>
                    <condition number="13" type="jump" coverage="100%" />
                    <condition number="42" type="jump" coverage="100%" />
                  </conditions>
                </line>
                <line number="136" hits="10" branch="False" />
                <line number="137" hits="3" branch="False" />
                <line number="139" hits="1" branch="False" />
                <line number="140" hits="2" branch="False" />
              </lines>
            </method>
            <method name="IsZero" signature="()" line-rate="1" branch-rate="1" complexity="6">
              <lines>
                <line number="143" hits="3" branch="False" />
                <line number="144" hits="14" branch="True" condition-coverage="100% (2/2)">
                  <conditions>
                    <condition number="79" type="jump" coverage="100%" />
                  </conditions>
                </line>
                <line number="145" hits="5" branch="False" />
                <line number="146" hits="30" branch="True" condition-coverage="100% (2/2)">
                  <conditions>
                    <condition number="59" type="jump" coverage="100%" />
                  </conditions>
                </line>
                <line number="147" hits="11" branch="False" />
                <line number="148" hits="12" branch="True" condition-coverage="100% (2/2)">
                  <conditions>
                    <condition number="35" type="jump" coverage="100%" />
                  </conditions>
                </line>
                <line number="149" hits="10" branch="False" />
                <line number="150" hits="4" branch="False" />
                <line number="152" hits="2" branch="False" />
                <line number="153" hits="3" branch="False" />
              </lines>
            </method>
            <method name="IsIdentity" signature="()" line-rate="1" branch-rate="0.8332999999999999" complexity="12">
              <lines>
                <line number="156" hits="2" branch="False" />
                <line number="157" hits="2" branch="True" condition-coverage="50% (1/2)">
                  <conditions>
                    <condition number="20" type="jump" coverage="50%" />
                  </conditions>
                </line>
                <line number="159" hits="12" branch="True" condition-coverage="100% (2/2)">
                  <conditions>
                    <condition number="169" type="jump" coverage="100%" />
                  </conditions>
                </line>
                <line number="160" hits="5" branch="False" />
                <line number="161" hits="34" branch="True" condition-coverage="100% (2/2)">
                  <conditions>
                    <condition number="149" type="jump" coverage="100%" />
                  </conditions>
                </line>
                <line number="162" hits="13" branch="False" />
                <line number="163" hits="13" branch="True" condition-coverage="100% (2/2)">
                  <conditions>
                    <condition number="47" type="jump" coverage="100%" />
                  </conditions>
                </line>
                <line number="164" hits="5" branch="False" />
                <line number="165" hits="6" branch="True" condition-coverage="100% (2/2)">
                  <conditions>
                    <condition number="88" type="jump" coverage="100%" />
                  </conditions>
                </line>
                <line number="166" hits="4" branch="False" />
                <line number="168" hits="8" branch="False" />
                <line number="169" hits="8" branch="True" condition-coverage="50% (1/2)">
                  <conditions>
                    <condition number="124" type="jump" coverage="50%" />
                  </conditions>
                </line>
                <line number="170" hits="8" branch="False" />
                <line number="171" hits="12" branch="False" />
                <line number="172" hits="4" branch="False" />
                <line number="174" hits="1" branch="False" />
                <line number="175" hits="2" branch="False" />
              </lines>
            </method>
            <method name="IsSymmetric" signature="()" line-rate="1" branch-rate="1" complexity="6">
              <lines>
                <line number="179" hits="2" branch="False" />
                <line number="180" hits="10" branch="True" condition-coverage="100% (2/2)">
                  <conditions>
                    <condition number="90" type="jump" coverage="100%" />
                  </conditions>
                </line>
                <line number="181" hits="4" branch="False" />
                <line number="182" hits="28" branch="True" condition-coverage="100% (2/2)">
                  <conditions>
                    <condition number="70" type="jump" coverage="100%" />
                  </conditions>
                </line>
                <line number="183" hits="11" branch="False" />
                <line number="184" hits="12" branch="True" condition-coverage="100% (2/2)">
                  <conditions>
                    <condition number="46" type="jump" coverage="100%" />
                  </conditions>
                </line>
                <line number="185" hits="10" branch="False" />
                <line number="186" hits="3" branch="False" />
                <line number="188" hits="1" branch="False" />
                <line number="189" hits="2" branch="False" />
              </lines>
            </method>
            <method name="IsUpperTriangular" signature="()" line-rate="1" branch-rate="0.875" complexity="8">
              <lines>
                <line number="192" hits="2" branch="False" />
                <line number="193" hits="2" branch="True" condition-coverage="50% (1/2)">
                  <conditions>
                    <condition number="12" type="jump" coverage="50%" />
                  </conditions>
                </line>
                <line number="195" hits="8" branch="True" condition-coverage="100% (2/2)">
                  <conditions>
                    <condition number="99" type="jump" coverage="100%" />
                  </conditions>
                </line>
                <line number="196" hits="3" branch="False" />
                <line number="197" hits="12" branch="True" condition-coverage="100% (2/2)">
                  <conditions>
                    <condition number="79" type="jump" coverage="100%" />
                  </conditions>
                </line>
                <line number="198" hits="4" branch="False" />
                <line number="199" hits="5" branch="True" condition-coverage="100% (2/2)">
                  <conditions>
                    <condition number="59" type="jump" coverage="100%" />
                  </conditions>
                </line>
                <line number="200" hits="3" branch="False" />
                <line number="201" hits="2" branch="False" />
                <line number="203" hits="1" branch="False" />
                <line number="204" hits="2" branch="False" />
              </lines>
            </method>
            <method name="IsLowerTriangular" signature="()" line-rate="1" branch-rate="0.75" complexity="8">
              <lines>
                <line number="207" hits="1" branch="False" />
                <line number="208" hits="1" branch="True" condition-coverage="50% (1/2)">
                  <conditions>
                    <condition number="12" type="jump" coverage="50%" />
                  </conditions>
                </line>
                <line number="210" hits="8" branch="True" condition-coverage="100% (2/2)">
                  <conditions>
                    <condition number="106" type="jump" coverage="100%" />
                  </conditions>
                </line>
                <line number="211" hits="3" branch="False" />
                <line number="212" hits="12" branch="True" condition-coverage="100% (2/2)">
                  <conditions>
                    <condition number="86" type="jump" coverage="100%" />
                  </conditions>
                </line>
                <line number="213" hits="3" branch="False" />
                <line number="214" hits="3" branch="True" condition-coverage="50% (1/2)">
                  <conditions>
                    <condition number="61" type="jump" coverage="50%" />
                  </conditions>
                </line>
                <line number="215" hits="3" branch="False" />
                <line number="216" hits="3" branch="False" />
                <line number="218" hits="1" branch="False" />
                <line number="219" hits="1" branch="False" />
              </lines>
            </method>
            <method name="ValidateFile" signature="(System.String)" line-rate="0.9565" branch-rate="0.9375" complexity="16">
              <lines>
                <line number="228" hits="7" branch="False" />
                <line number="229" hits="7" branch="True" condition-coverage="50% (1/2)">
                  <conditions>
                    <condition number="9" type="jump" coverage="50%" />
                  </conditions>
                </line>
                <line number="230" hits="0" branch="False" />
                <line number="232" hits="7" branch="True" condition-coverage="100% (2/2)">
                  <conditions>
                    <condition number="38" type="jump" coverage="100%" />
                  </conditions>
                </line>
                <line number="233" hits="1" branch="False" />
                <line number="235" hits="6" branch="False" />
                <line number="236" hits="6" branch="True" condition-coverage="100% (2/2)">
                  <conditions>
                    <condition number="68" type="jump" coverage="100%" />
                  </conditions>
                </line>
                <line number="237" hits="1" branch="False" />
                <line number="239" hits="5" branch="False" />
                <line number="241" hits="31" branch="True" condition-coverage="100% (2/2)">
                  <conditions>
                    <condition number="246" type="jump" coverage="100%" />
                  </conditions>
                </line>
                <line number="242" hits="9" branch="False" />
                <line number="243" hits="9" branch="False" />
                <line number="245" hits="9" branch="True" condition-coverage="100% (2/2)">
                  <conditions>
                    <condition number="123" type="jump" coverage="100%" />
                  </conditions>
                </line>
                <line number="246" hits="5" branch="False" />
                <line number="247" hits="4" branch="True" condition-coverage="100% (2/2)">
                  <conditions>
                    <condition number="146" type="jump" coverage="100%" />
                  </conditions>
                </line>
                <line number="248" hits="1" branch="False" />
                <line number="250" hits="51" branch="True" condition-coverage="100% (2/2)">
                  <conditions>
                    <condition number="231" type="jump" coverage="100%" />
                  </conditions>
                </line>
                <line number="251" hits="14" branch="False" />
                <line number="252" hits="14" branch="True" condition-coverage="100% (2/2)">
                  <conditions>
                    <condition number="193" type="jump" coverage="100%" />
                  </conditions>
                </line>
                <line number="253" hits="1" branch="False" />
                <line number="254" hits="13" branch="False" />
                <line number="255" hits="7" branch="False" />
                <line number="256" hits="3" branch="False" />
              </lines>
            </method>
            <method name="op_Equality" signature="(SetAndMatrix.Models.Matrix,SetAndMatrix.Models.Matrix)" line-rate="1" branch-rate="0.75" complexity="16">
              <lines>
                <line number="259" hits="17" branch="False" />
                <line number="260" hits="17" branch="True" condition-coverage="50% (1/2)">
                  <conditions>
                    <condition number="7" type="jump" coverage="50%" />
                  </conditions>
                </line>
                <line number="261" hits="17" branch="True" condition-coverage="50% (2/4)">
                  <conditions>
                    <condition number="17" type="jump" coverage="50%" />
                    <condition number="28" type="jump" coverage="50%" />
                  </conditions>
                </line>
                <line number="262" hits="18" branch="True" condition-coverage="75% (3/4)">
                  <conditions>
                    <condition number="49" type="jump" coverage="50%" />
                    <condition number="73" type="jump" coverage="100%" />
                  </conditions>
                </line>
                <line number="264" hits="88" branch="True" condition-coverage="100% (2/2)">
                  <conditions>
                    <condition number="178" type="jump" coverage="100%" />
                  </conditions>
                </line>
                <line number="265" hits="166" branch="True" condition-coverage="100% (2/2)">
                  <conditions>
                    <condition number="156" type="jump" coverage="100%" />
                  </conditions>
                </line>
                <line number="266" hits="55" branch="True" condition-coverage="100% (2/2)">
                  <conditions>
                    <condition number="130" type="jump" coverage="100%" />
                  </conditions>
                </line>
                <line number="267" hits="2" branch="False" />
                <line number="269" hits="14" branch="False" />
                <line number="270" hits="17" branch="False" />
              </lines>
            </method>
            <method name="op_Inequality" signature="(SetAndMatrix.Models.Matrix,SetAndMatrix.Models.Matrix)" line-rate="1" branch-rate="1" complexity="1">
              <lines>
                <line number="272" hits="1" branch="False" />
              </lines>
            </method>
            <method name="ToString" signature="()" line-rate="1" branch-rate="1" complexity="4">
              <lines>
                <line number="275" hits="1" branch="False" />
                <line number="276" hits="1" branch="False" />
                <line number="277" hits="6" branch="True" condition-coverage="100% (2/2)">
                  <conditions>
                    <condition number="93" type="jump" coverage="100%" />
                  </conditions>
                </line>
                <line number="278" hits="2" branch="False" />
                <line number="279" hits="12" branch="True" condition-coverage="100% (2/2)">
                  <conditions>
                    <condition number="66" type="jump" coverage="100%" />
                  </conditions>
                </line>
                <line number="280" hits="4" branch="False" />
                <line number="281" hits="2" branch="False" />
                <line number="282" hits="2" branch="False" />
                <line number="284" hits="1" branch="False" />
                <line number="285" hits="1" branch="False" />
              </lines>
            </method>
            <method name="Equals" signature="(System.Object)" line-rate="1" branch-rate="1" complexity="2">
              <lines>
                <line number="288" hits="3" branch="False" />
                <line number="289" hits="3" branch="True" condition-coverage="100% (2/2)">
                  <conditions>
                    <condition number="14" type="jump" coverage="100%" />
                  </conditions>
                </line>
                <line number="290" hits="2" branch="False" />
                <line number="291" hits="1" branch="False" />
                <line number="292" hits="3" branch="False" />
              </lines>
            </method>
            <method name="GetHashCode" signature="()" line-rate="1" branch-rate="1" complexity="4">
              <lines>
                <line number="295" hits="2" branch="False" />
                <line number="296" hits="2" branch="False" />
                <line number="297" hits="12" branch="True" condition-coverage="100% (2/2)">
                  <conditions>
                    <condition number="70" type="jump" coverage="100%" />
                  </conditions>
                </line>
                <line number="298" hits="24" branch="True" condition-coverage="100% (2/2)">
                  <conditions>
                    <condition number="51" type="jump" coverage="100%" />
                  </conditions>
                </line>
                <line number="299" hits="8" branch="False" />
                <line number="300" hits="2" branch="False" />
                <line number="301" hits="2" branch="False" />
              </lines>
            </method>
            <method name=".ctor" signature="(System.Int32,System.Int32)" line-rate="1" branch-rate="1" complexity="1">
              <lines>
                <line number="6" hits="77" branch="False" />
                <line number="8" hits="77" branch="False" />
              </lines>
            </method>
            <method name=".ctor" signature="(SetAndMatrix.Models.Matrix)" line-rate="1" branch-rate="1" complexity="1">
              <lines>
                <line number="28" hits="1" branch="False" />
                <line number="29" hits="1" branch="False" />
                <line number="30" hits="1" branch="False" />
                <line number="31" hits="1" branch="False" />
              </lines>
            </method>
          </methods>
          <lines>
            <line number="9" hits="573" branch="False" />
            <line number="10" hits="605" branch="False" />
            <line number="15" hits="180" branch="False" />
            <line number="16" hits="180" branch="True" condition-coverage="50% (4/8)">
              <conditions>
                <condition number="3" type="jump" coverage="50%" />
                <condition number="12" type="jump" coverage="50%" />
                <condition number="16" type="jump" coverage="50%" />
                <condition number="35" type="jump" coverage="50%" />
              </conditions>
            </line>
            <line number="17" hits="0" branch="False" />
            <line number="18" hits="180" branch="False" />
            <line number="19" hits="180" branch="False" />
            <line number="21" hits="208" branch="False" />
            <line number="22" hits="208" branch="True" condition-coverage="100% (8/8)">
              <conditions>
                <condition number="3" type="jump" coverage="100%" />
                <condition number="12" type="jump" coverage="100%" />
                <condition number="16" type="jump" coverage="100%" />
                <condition number="35" type="jump" coverage="100%" />
              </conditions>
            </line>
            <line number="23" hits="4" branch="False" />
            <line number="24" hits="204" branch="False" />
            <line number="25" hits="204" branch="False" />
            <line number="34" hits="9" branch="False" />
            <line number="35" hits="9" branch="True" condition-coverage="100% (2/2)">
              <conditions>
                <condition number="11" type="jump" coverage="100%" />
              </conditions>
            </line>
            <line number="36" hits="2" branch="False" />
            <line number="38" hits="7" branch="False" />
            <line number="40" hits="3" branch="False" />
            <line number="41" hits="3" branch="False" />
            <line number="42" hits="3" branch="False" />
            <line number="44" hits="3" branch="False" />
            <line number="46" hits="18" branch="True" condition-coverage="100% (2/2)">
              <conditions>
                <condition number="141" type="jump" coverage="100%" />
              </conditions>
            </line>
            <line number="47" hits="6" branch="False" />
            <line number="48" hits="6" branch="False" />
            <line number="49" hits="32" branch="True" condition-coverage="100% (2/2)">
              <conditions>
                <condition number="123" type="jump" coverage="100%" />
              </conditions>
            </line>
            <line number="50" hits="10" branch="False" />
            <line number="51" hits="10" branch="False" />
            <line number="52" hits="10" branch="False" />
            <line number="53" hits="6" branch="False" />
            <line number="55" hits="3" branch="False" />
            <line number="56" hits="3" branch="False" />
            <line number="59" hits="4" branch="False" />
            <line number="60" hits="4" branch="True" condition-coverage="100% (4/4)">
              <conditions>
                <condition number="8" type="jump" coverage="100%" />
                <condition number="24" type="jump" coverage="100%" />
              </conditions>
            </line>
            <line number="61" hits="3" branch="False" />
            <line number="63" hits="1" branch="False" />
            <line number="65" hits="6" branch="True" condition-coverage="100% (2/2)">
              <conditions>
                <condition number="115" type="jump" coverage="100%" />
              </conditions>
            </line>
            <line number="66" hits="2" branch="False" />
            <line number="67" hits="12" branch="True" condition-coverage="100% (2/2)">
              <conditions>
                <condition number="95" type="jump" coverage="100%" />
              </conditions>
            </line>
            <line number="68" hits="4" branch="False" />
            <line number="69" hits="4" branch="False" />
            <line number="70" hits="4" branch="False" />
            <line number="71" hits="2" branch="False" />
            <line number="73" hits="1" branch="False" />
            <line number="74" hits="1" branch="False" />
            <line number="77" hits="5" branch="False" />
            <line number="78" hits="5" branch="True" condition-coverage="100% (4/4)">
              <conditions>
                <condition number="8" type="jump" coverage="100%" />
                <condition number="24" type="jump" coverage="100%" />
              </conditions>
            </line>
            <line number="79" hits="3" branch="False" />
            <line number="81" hits="2" branch="False" />
            <line number="83" hits="12" branch="True" condition-coverage="100% (2/2)">
              <conditions>
                <condition number="105" type="jump" coverage="100%" />
              </conditions>
            </line>
            <line number="84" hits="4" branch="False" />
            <line number="85" hits="24" branch="True" condition-coverage="100% (2/2)">
              <conditions>
                <condition number="90" type="jump" coverage="100%" />
              </conditions>
            </line>
            <line number="86" hits="8" branch="False" />
            <line number="87" hits="8" branch="False" />
            <line number="88" hits="8" branch="False" />
            <line number="89" hits="4" branch="False" />
            <line number="91" hits="2" branch="False" />
            <line number="92" hits="2" branch="False" />
            <line number="95" hits="4" branch="False" />
            <line number="96" hits="4" branch="False" />
            <line number="98" hits="22" branch="True" condition-coverage="100% (2/2)">
              <conditions>
                <condition number="87" type="jump" coverage="100%" />
              </conditions>
            </line>
            <line number="99" hits="7" branch="False" />
            <line number="100" hits="44" branch="True" condition-coverage="100% (2/2)">
              <conditions>
                <condition number="67" type="jump" coverage="100%" />
              </conditions>
            </line>
            <line number="101" hits="15" branch="False" />
            <line number="102" hits="15" branch="False" />
            <line number="103" hits="15" branch="False" />
            <line number="104" hits="7" branch="False" />
            <line number="106" hits="4" branch="False" />
            <line number="107" hits="4" branch="False" />
            <line number="110" hits="4" branch="False" />
            <line number="111" hits="4" branch="True" condition-coverage="100% (4/4)">
              <conditions>
                <condition number="8" type="jump" coverage="100%" />
                <condition number="24" type="jump" coverage="100%" />
              </conditions>
            </line>
            <line number="112" hits="2" branch="False" />
            <line number="114" hits="2" branch="False" />
            <line number="115" hits="12" branch="True" condition-coverage="100% (2/2)">
              <conditions>
                <condition number="100" type="jump" coverage="100%" />
              </conditions>
            </line>
            <line number="116" hits="4" branch="False" />
            <line number="117" hits="24" branch="True" condition-coverage="100% (2/2)">
              <conditions>
                <condition number="85" type="jump" coverage="100%" />
              </conditions>
            </line>
            <line number="118" hits="8" branch="False" />
            <line number="119" hits="8" branch="False" />
            <line number="120" hits="8" branch="False" />
            <line number="121" hits="4" branch="False" />
            <line number="123" hits="2" branch="False" />
            <line number="124" hits="2" branch="False" />
            <line number="127" hits="5" branch="False" />
            <line number="130" hits="2" branch="False" />
            <line number="131" hits="10" branch="True" condition-coverage="100% (2/2)">
              <conditions>
                <condition number="86" type="jump" coverage="100%" />
              </conditions>
            </line>
            <line number="132" hits="4" branch="False" />
            <line number="133" hits="28" branch="True" condition-coverage="100% (2/2)">
              <conditions>
                <condition number="66" type="jump" coverage="100%" />
              </conditions>
            </line>
            <line number="134" hits="11" branch="False" />
            <line number="135" hits="12" branch="True" condition-coverage="100% (4/4)">
              <conditions>
                <condition number="13" type="jump" coverage="100%" />
                <condition number="42" type="jump" coverage="100%" />
              </conditions>
            </line>
            <line number="136" hits="10" branch="False" />
            <line number="137" hits="3" branch="False" />
            <line number="139" hits="1" branch="False" />
            <line number="140" hits="2" branch="False" />
            <line number="143" hits="3" branch="False" />
            <line number="144" hits="14" branch="True" condition-coverage="100% (2/2)">
              <conditions>
                <condition number="79" type="jump" coverage="100%" />
              </conditions>
            </line>
            <line number="145" hits="5" branch="False" />
            <line number="146" hits="30" branch="True" condition-coverage="100% (2/2)">
              <conditions>
                <condition number="59" type="jump" coverage="100%" />
              </conditions>
            </line>
            <line number="147" hits="11" branch="False" />
            <line number="148" hits="12" branch="True" condition-coverage="100% (2/2)">
              <conditions>
                <condition number="35" type="jump" coverage="100%" />
              </conditions>
            </line>
            <line number="149" hits="10" branch="False" />
            <line number="150" hits="4" branch="False" />
            <line number="152" hits="2" branch="False" />
            <line number="153" hits="3" branch="False" />
            <line number="156" hits="2" branch="False" />
            <line number="157" hits="2" branch="True" condition-coverage="50% (1/2)">
              <conditions>
                <condition number="20" type="jump" coverage="50%" />
              </conditions>
            </line>
            <line number="159" hits="12" branch="True" condition-coverage="100% (2/2)">
              <conditions>
                <condition number="169" type="jump" coverage="100%" />
              </conditions>
            </line>
            <line number="160" hits="5" branch="False" />
            <line number="161" hits="34" branch="True" condition-coverage="100% (2/2)">
              <conditions>
                <condition number="149" type="jump" coverage="100%" />
              </conditions>
            </line>
            <line number="162" hits="13" branch="False" />
            <line number="163" hits="13" branch="True" condition-coverage="100% (2/2)">
              <conditions>
                <condition number="47" type="jump" coverage="100%" />
              </conditions>
            </line>
            <line number="164" hits="5" branch="False" />
            <line number="165" hits="6" branch="True" condition-coverage="100% (2/2)">
              <conditions>
                <condition number="88" type="jump" coverage="100%" />
              </conditions>
            </line>
            <line number="166" hits="4" branch="False" />
            <line number="168" hits="8" branch="False" />
            <line number="169" hits="8" branch="True" condition-coverage="50% (1/2)">
              <conditions>
                <condition number="124" type="jump" coverage="50%" />
              </conditions>
            </line>
            <line number="170" hits="8" branch="False" />
            <line number="171" hits="12" branch="False" />
            <line number="172" hits="4" branch="False" />
            <line number="174" hits="1" branch="False" />
            <line number="175" hits="2" branch="False" />
            <line number="179" hits="2" branch="False" />
            <line number="180" hits="10" branch="True" condition-coverage="100% (2/2)">
              <conditions>
                <condition number="90" type="jump" coverage="100%" />
              </conditions>
            </line>
            <line number="181" hits="4" branch="False" />
            <line number="182" hits="28" branch="True" condition-coverage="100% (2/2)">
              <conditions>
                <condition number="70" type="jump" coverage="100%" />
              </conditions>
            </line>
            <line number="183" hits="11" branch="False" />
            <line number="184" hits="12" branch="True" condition-coverage="100% (2/2)">
              <conditions>
                <condition number="46" type="jump" coverage="100%" />
              </conditions>
            </line>
            <line number="185" hits="10" branch="False" />
            <line number="186" hits="3" branch="False" />
            <line number="188" hits="1" branch="False" />
            <line number="189" hits="2" branch="False" />
            <line number="192" hits="2" branch="False" />
            <line number="193" hits="2" branch="True" condition-coverage="50% (1/2)">
              <conditions>
                <condition number="12" type="jump" coverage="50%" />
              </conditions>
            </line>
            <line number="195" hits="8" branch="True" condition-coverage="100% (2/2)">
              <conditions>
                <condition number="99" type="jump" coverage="100%" />
              </conditions>
            </line>
            <line number="196" hits="3" branch="False" />
            <line number="197" hits="12" branch="True" condition-coverage="100% (2/2)">
              <conditions>
                <condition number="79" type="jump" coverage="100%" />
              </conditions>
            </line>
            <line number="198" hits="4" branch="False" />
            <line number="199" hits="5" branch="True" condition-coverage="100% (2/2)">
              <conditions>
                <condition number="59" type="jump" coverage="100%" />
              </conditions>
            </line>
            <line number="200" hits="3" branch="False" />
            <line number="201" hits="2" branch="False" />
            <line number="203" hits="1" branch="False" />
            <line number="204" hits="2" branch="False" />
            <line number="207" hits="1" branch="False" />
            <line number="208" hits="1" branch="True" condition-coverage="50% (1/2)">
              <conditions>
                <condition number="12" type="jump" coverage="50%" />
              </conditions>
            </line>
            <line number="210" hits="8" branch="True" condition-coverage="100% (2/2)">
              <conditions>
                <condition number="106" type="jump" coverage="100%" />
              </conditions>
            </line>
            <line number="211" hits="3" branch="False" />
            <line number="212" hits="12" branch="True" condition-coverage="100% (2/2)">
              <conditions>
                <condition number="86" type="jump" coverage="100%" />
              </conditions>
            </line>
            <line number="213" hits="3" branch="False" />
            <line number="214" hits="3" branch="True" condition-coverage="50% (1/2)">
              <conditions>
                <condition number="61" type="jump" coverage="50%" />
              </conditions>
            </line>
            <line number="215" hits="3" branch="False" />
            <line number="216" hits="3" branch="False" />
            <line number="218" hits="1" branch="False" />
            <line number="219" hits="1" branch="False" />
            <line number="228" hits="7" branch="False" />
            <line number="229" hits="7" branch="True" condition-coverage="50% (1/2)">
              <conditions>
                <condition number="9" type="jump" coverage="50%" />
              </conditions>
            </line>
            <line number="230" hits="0" branch="False" />
            <line number="232" hits="7" branch="True" condition-coverage="100% (2/2)">
              <conditions>
                <condition number="38" type="jump" coverage="100%" />
              </conditions>
            </line>
            <line number="233" hits="1" branch="False" />
            <line number="235" hits="6" branch="False" />
            <line number="236" hits="6" branch="True" condition-coverage="100% (2/2)">
              <conditions>
                <condition number="68" type="jump" coverage="100%" />
              </conditions>
            </line>
            <line number="237" hits="1" branch="False" />
            <line number="239" hits="5" branch="False" />
            <line number="241" hits="31" branch="True" condition-coverage="100% (2/2)">
              <conditions>
                <condition number="246" type="jump" coverage="100%" />
              </conditions>
            </line>
            <line number="242" hits="9" branch="False" />
            <line number="243" hits="9" branch="False" />
            <line number="245" hits="9" branch="True" condition-coverage="100% (2/2)">
              <conditions>
                <condition number="123" type="jump" coverage="100%" />
              </conditions>
            </line>
            <line number="246" hits="5" branch="False" />
            <line number="247" hits="4" branch="True" condition-coverage="100% (2/2)">
              <conditions>
                <condition number="146" type="jump" coverage="100%" />
              </conditions>
            </line>
            <line number="248" hits="1" branch="False" />
            <line number="250" hits="51" branch="True" condition-coverage="100% (2/2)">
              <conditions>
                <condition number="231" type="jump" coverage="100%" />
              </conditions>
            </line>
            <line number="251" hits="14" branch="False" />
            <line number="252" hits="14" branch="True" condition-coverage="100% (2/2)">
              <conditions>
                <condition number="193" type="jump" coverage="100%" />
              </conditions>
            </line>
            <line number="253" hits="1" branch="False" />
            <line number="254" hits="13" branch="False" />
            <line number="255" hits="7" branch="False" />
            <line number="256" hits="3" branch="False" />
            <line number="259" hits="17" branch="False" />
            <line number="260" hits="17" branch="True" condition-coverage="50% (1/2)">
              <conditions>
                <condition number="7" type="jump" coverage="50%" />
              </conditions>
            </line>
            <line number="261" hits="17" branch="True" condition-coverage="50% (2/4)">
              <conditions>
                <condition number="17" type="jump" coverage="50%" />
                <condition number="28" type="jump" coverage="50%" />
              </conditions>
            </line>
            <line number="262" hits="18" branch="True" condition-coverage="75% (3/4)">
              <conditions>
                <condition number="49" type="jump" coverage="50%" />
                <condition number="73" type="jump" coverage="100%" />
              </conditions>
            </line>
            <line number="264" hits="88" branch="True" condition-coverage="100% (2/2)">
              <conditions>
                <condition number="178" type="jump" coverage="100%" />
              </conditions>
            </line>
            <line number="265" hits="166" branch="True" condition-coverage="100% (2/2)">
              <conditions>
                <condition number="156" type="jump" coverage="100%" />
              </conditions>
            </line>
            <line number="266" hits="55" branch="True" condition-coverage="100% (2/2)">
              <conditions>
                <condition number="130" type="jump" coverage="100%" />
              </conditions>
            </line>
            <line number="267" hits="2" branch="False" />
            <line number="269" hits="14" branch="False" />
            <line number="270" hits="17" branch="False" />
            <line number="272" hits="1" branch="False" />
            <line number="275" hits="1" branch="False" />
            <line number="276" hits="1" branch="False" />
            <line number="277" hits="6" branch="True" condition-coverage="100% (2/2)">
              <conditions>
                <condition number="93" type="jump" coverage="100%" />
              </conditions>
            </line>
            <line number="278" hits="2" branch="False" />
            <line number="279" hits="12" branch="True" condition-coverage="100% (2/2)">
              <conditions>
                <condition number="66" type="jump" coverage="100%" />
              </conditions>
            </line>
            <line number="280" hits="4" branch="False" />
            <line number="281" hits="2" branch="False" />
            <line number="282" hits="2" branch="False" />
            <line number="284" hits="1" branch="False" />
            <line number="285" hits="1" branch="False" />
            <line number="288" hits="3" branch="False" />
            <line number="289" hits="3" branch="True" condition-coverage="100% (2/2)">
              <conditions>
                <condition number="14" type="jump" coverage="100%" />
              </conditions>
            </line>
            <line number="290" hits="2" branch="False" />
            <line number="291" hits="1" branch="False" />
            <line number="292" hits="3" branch="False" />
            <line number="295" hits="2" branch="False" />
            <line number="296" hits="2" branch="False" />
            <line number="297" hits="12" branch="True" condition-coverage="100% (2/2)">
              <conditions>
                <condition number="70" type="jump" coverage="100%" />
              </conditions>
            </line>
            <line number="298" hits="24" branch="True" condition-coverage="100% (2/2)">
              <conditions>
                <condition number="51" type="jump" coverage="100%" />
              </conditions>
            </line>
            <line number="299" hits="8" branch="False" />
            <line number="300" hits="2" branch="False" />
            <line number="301" hits="2" branch="False" />
            <line number="6" hits="77" branch="False" />
            <line number="8" hits="77" branch="False" />
            <line number="28" hits="1" branch="False" />
            <line number="29" hits="1" branch="False" />
            <line number="30" hits="1" branch="False" />
            <line number="31" hits="1" branch="False" />
          </lines>
        </class>
        <class name="SetAndMatrix.Models.Multiset" filename="Multiset.cs" line-rate="0.9489" branch-rate="0.875" complexity="51">
          <methods>
            <method name="Add" signature="(SetAndMatrix.Models.MultisetElement)" line-rate="1" branch-rate="1" complexity="1">
              <lines>
                <line number="9" hits="10" branch="False" />
              </lines>
            </method>
            <method name="ToString" signature="()" line-rate="1" branch-rate="1" complexity="8">
              <lines>
                <line number="22" hits="6" branch="False" />
                <line number="23" hits="6" branch="False" />
                <line number="24" hits="6" branch="False" />
                <line number="26" hits="32" branch="True" condition-coverage="100% (2/2)">
                  <conditions>
                    <condition number="144" type="jump" coverage="100%" />
                  </conditions>
                </line>
                <line number="27" hits="10" branch="False" />
                <line number="28" hits="10" branch="False" />
                <line number="29" hits="10" branch="True" condition-coverage="100% (2/2)">
                  <conditions>
                    <condition number="45" type="jump" coverage="100%" />
                  </conditions>
                </line>
                <line number="30" hits="8" branch="False" />
                <line number="31" hits="2" branch="True" condition-coverage="100% (2/2)">
                  <conditions>
                    <condition number="75" type="jump" coverage="100%" />
                  </conditions>
                </line>
                <line number="32" hits="2" branch="False" />
                <line number="34" hits="10" branch="True" condition-coverage="100% (2/2)">
                  <conditions>
                    <condition number="110" type="jump" coverage="100%" />
                  </conditions>
                </line>
                <line number="35" hits="5" branch="False" />
                <line number="36" hits="10" branch="False" />
                <line number="38" hits="6" branch="False" />
                <line number="39" hits="6" branch="False" />
                <line number="40" hits="6" branch="False" />
              </lines>
            </method>
            <method name="Parse" signature="(System.String)" line-rate="0.9695999999999999" branch-rate="0.875" complexity="16">
              <lines>
                <line number="43" hits="6" branch="False" />
                <line number="44" hits="6" branch="False" />
                <line number="45" hits="3" branch="False" />
                <line number="46" hits="3" branch="False" />
                <line number="47" hits="3" branch="False" />
                <line number="49" hits="69" branch="True" condition-coverage="100% (2/2)">
                  <conditions>
                    <condition number="263" type="jump" coverage="100%" />
                  </conditions>
                </line>
                <line number="50" hits="30" branch="False" />
                <line number="51" hits="30" branch="True" condition-coverage="100% (2/2)">
                  <conditions>
                    <condition number="65" type="jump" coverage="100%" />
                  </conditions>
                </line>
                <line number="52" hits="5" branch="False" />
                <line number="53" hits="5" branch="False" />
                <line number="55" hits="5" branch="True" condition-coverage="100% (2/2)">
                  <conditions>
                    <condition number="93" type="jump" coverage="100%" />
                  </conditions>
                </line>
                <line number="56" hits="2" branch="False" />
                <line number="58" hits="3" branch="False" />
                <line number="60" hits="5" branch="False" />
                <line number="61" hits="5" branch="False" />
                <line number="62" hits="25" branch="True" condition-coverage="100% (2/2)">
                  <conditions>
                    <condition number="151" type="jump" coverage="100%" />
                  </conditions>
                </line>
                <line number="63" hits="5" branch="False" />
                <line number="64" hits="5" branch="False" />
                <line number="65" hits="5" branch="False" />
                <line number="66" hits="5" branch="False" />
                <line number="67" hits="20" branch="True" condition-coverage="100% (2/2)">
                  <conditions>
                    <condition number="187" type="jump" coverage="100%" />
                  </conditions>
                </line>
                <line number="68" hits="5" branch="False" />
                <line number="69" hits="5" branch="False" />
                <line number="70" hits="5" branch="False" />
                <line number="72" hits="15" branch="False" />
                <line number="73" hits="15" branch="True" condition-coverage="100% (2/2)">
                  <conditions>
                    <condition number="212" type="jump" coverage="100%" />
                  </conditions>
                </line>
                <line number="74" hits="15" branch="False" />
                <line number="75" hits="15" branch="False" />
                <line number="76" hits="30" branch="False" />
                <line number="78" hits="3" branch="True" condition-coverage="50% (2/4)">
                  <conditions>
                    <condition number="279" type="jump" coverage="50%" />
                    <condition number="302" type="jump" coverage="50%" />
                  </conditions>
                </line>
                <line number="79" hits="0" branch="False" />
                <line number="81" hits="3" branch="False" />
                <line number="91" hits="3" branch="False" />
              </lines>
            </method>
            <method name="Validate" signature="(System.String)" line-rate="0.875" branch-rate="0.8181" complexity="22">
              <lines>
                <line number="101" hits="6" branch="False" />
                <line number="102" hits="6" branch="True" condition-coverage="50% (1/2)">
                  <conditions>
                    <condition number="9" type="jump" coverage="50%" />
                  </conditions>
                </line>
                <line number="103" hits="0" branch="False" />
                <line number="105" hits="6" branch="False" />
                <line number="106" hits="6" branch="False" />
                <line number="108" hits="96" branch="True" condition-coverage="100% (2/2)">
                  <conditions>
                    <condition number="197" type="jump" coverage="100%" />
                  </conditions>
                </line>
                <line number="109" hits="40" branch="False" />
                <line number="110" hits="40" branch="True" condition-coverage="100% (6/6)">
                  <conditions>
                    <condition number="60" type="jump" coverage="100%" />
                    <condition number="68" type="jump" coverage="100%" />
                    <condition number="76" type="jump" coverage="100%" />
                  </conditions>
                </line>
                <line number="113" hits="7" branch="False" />
                <line number="114" hits="7" branch="False" />
                <line number="115" hits="7" branch="False" />
                <line number="117" hits="5" branch="False" />
                <line number="118" hits="5" branch="True" condition-coverage="50% (1/2)">
                  <conditions>
                    <condition number="100" type="jump" coverage="50%" />
                  </conditions>
                </line>
                <line number="119" hits="0" branch="False" />
                <line number="120" hits="5" branch="True" condition-coverage="50% (1/2)">
                  <conditions>
                    <condition number="118" type="jump" coverage="50%" />
                  </conditions>
                </line>
                <line number="121" hits="0" branch="False" />
                <line number="122" hits="5" branch="False" />
                <line number="123" hits="5" branch="False" />
                <line number="125" hits="9" branch="True" condition-coverage="100% (2/2)">
                  <conditions>
                    <condition number="143" type="jump" coverage="100%" />
                  </conditions>
                </line>
                <line number="126" hits="1" branch="False" />
                <line number="127" hits="8" branch="True" condition-coverage="100% (2/2)">
                  <conditions>
                    <condition number="161" type="jump" coverage="100%" />
                  </conditions>
                </line>
                <line number="128" hits="1" branch="False" />
                <line number="129" hits="7" branch="False" />
                <line number="130" hits="7" branch="False" />
                <line number="132" hits="19" branch="False" />
                <line number="133" hits="19" branch="False" />
                <line number="135" hits="38" branch="False" />
                <line number="137" hits="4" branch="True" condition-coverage="100% (2/2)">
                  <conditions>
                    <condition number="210" type="jump" coverage="100%" />
                  </conditions>
                </line>
                <line number="138" hits="1" branch="False" />
                <line number="139" hits="3" branch="True" condition-coverage="50% (1/2)">
                  <conditions>
                    <condition number="228" type="jump" coverage="50%" />
                  </conditions>
                </line>
                <line number="140" hits="0" branch="False" />
                <line number="141" hits="3" branch="False" />
              </lines>
            </method>
            <method name="&lt;Parse&gt;g__AddElementIfNotEmpty|5_0" signature="(SetAndMatrix.Models.Multiset/&lt;&gt;c__DisplayClass5_0&amp;)" line-rate="1" branch-rate="1" complexity="2">
              <lines>
                <line number="84" hits="10" branch="False" />
                <line number="85" hits="10" branch="True" condition-coverage="100% (2/2)">
                  <conditions>
                    <condition number="17" type="jump" coverage="100%" />
                  </conditions>
                </line>
                <line number="86" hits="8" branch="False" />
                <line number="87" hits="8" branch="False" />
                <line number="88" hits="8" branch="False" />
                <line number="89" hits="8" branch="False" />
                <line number="90" hits="10" branch="False" />
              </lines>
            </method>
            <method name=".ctor" signature="()" line-rate="1" branch-rate="1" complexity="1">
              <lines>
                <line number="8" hits="11" branch="False" />
                <line number="11" hits="10" branch="False" />
                <line number="12" hits="10" branch="False" />
                <line number="13" hits="10" branch="False" />
              </lines>
            </method>
            <method name=".ctor" signature="(System.String)" line-rate="1" branch-rate="1" complexity="1">
              <lines>
                <line number="15" hits="1" branch="False" />
                <line number="16" hits="1" branch="False" />
                <line number="17" hits="1" branch="False" />
                <line number="18" hits="1" branch="False" />
                <line number="19" hits="1" branch="False" />
              </lines>
            </method>
          </methods>
          <lines>
            <line number="9" hits="10" branch="False" />
            <line number="22" hits="6" branch="False" />
            <line number="23" hits="6" branch="False" />
            <line number="24" hits="6" branch="False" />
            <line number="26" hits="32" branch="True" condition-coverage="100% (2/2)">
              <conditions>
                <condition number="144" type="jump" coverage="100%" />
              </conditions>
            </line>
            <line number="27" hits="10" branch="False" />
            <line number="28" hits="10" branch="False" />
            <line number="29" hits="10" branch="True" condition-coverage="100% (2/2)">
              <conditions>
                <condition number="45" type="jump" coverage="100%" />
              </conditions>
            </line>
            <line number="30" hits="8" branch="False" />
            <line number="31" hits="2" branch="True" condition-coverage="100% (2/2)">
              <conditions>
                <condition number="75" type="jump" coverage="100%" />
              </conditions>
            </line>
            <line number="32" hits="2" branch="False" />
            <line number="34" hits="10" branch="True" condition-coverage="100% (2/2)">
              <conditions>
                <condition number="110" type="jump" coverage="100%" />
              </conditions>
            </line>
            <line number="35" hits="5" branch="False" />
            <line number="36" hits="10" branch="False" />
            <line number="38" hits="6" branch="False" />
            <line number="39" hits="6" branch="False" />
            <line number="40" hits="6" branch="False" />
            <line number="43" hits="6" branch="False" />
            <line number="44" hits="6" branch="False" />
            <line number="45" hits="3" branch="False" />
            <line number="46" hits="3" branch="False" />
            <line number="47" hits="3" branch="False" />
            <line number="49" hits="69" branch="True" condition-coverage="100% (2/2)">
              <conditions>
                <condition number="263" type="jump" coverage="100%" />
              </conditions>
            </line>
            <line number="50" hits="30" branch="False" />
            <line number="51" hits="30" branch="True" condition-coverage="100% (2/2)">
              <conditions>
                <condition number="65" type="jump" coverage="100%" />
              </conditions>
            </line>
            <line number="52" hits="5" branch="False" />
            <line number="53" hits="5" branch="False" />
            <line number="55" hits="5" branch="True" condition-coverage="100% (2/2)">
              <conditions>
                <condition number="93" type="jump" coverage="100%" />
              </conditions>
            </line>
            <line number="56" hits="2" branch="False" />
            <line number="58" hits="3" branch="False" />
            <line number="60" hits="5" branch="False" />
            <line number="61" hits="5" branch="False" />
            <line number="62" hits="25" branch="True" condition-coverage="100% (2/2)">
              <conditions>
                <condition number="151" type="jump" coverage="100%" />
              </conditions>
            </line>
            <line number="63" hits="5" branch="False" />
            <line number="64" hits="5" branch="False" />
            <line number="65" hits="5" branch="False" />
            <line number="66" hits="5" branch="False" />
            <line number="67" hits="20" branch="True" condition-coverage="100% (2/2)">
              <conditions>
                <condition number="187" type="jump" coverage="100%" />
              </conditions>
            </line>
            <line number="68" hits="5" branch="False" />
            <line number="69" hits="5" branch="False" />
            <line number="70" hits="5" branch="False" />
            <line number="72" hits="15" branch="False" />
            <line number="73" hits="15" branch="True" condition-coverage="100% (2/2)">
              <conditions>
                <condition number="212" type="jump" coverage="100%" />
              </conditions>
            </line>
            <line number="74" hits="15" branch="False" />
            <line number="75" hits="15" branch="False" />
            <line number="76" hits="30" branch="False" />
            <line number="78" hits="3" branch="True" condition-coverage="50% (2/4)">
              <conditions>
                <condition number="279" type="jump" coverage="50%" />
                <condition number="302" type="jump" coverage="50%" />
              </conditions>
            </line>
            <line number="79" hits="0" branch="False" />
            <line number="81" hits="3" branch="False" />
            <line number="91" hits="3" branch="False" />
            <line number="101" hits="6" branch="False" />
            <line number="102" hits="6" branch="True" condition-coverage="50% (1/2)">
              <conditions>
                <condition number="9" type="jump" coverage="50%" />
              </conditions>
            </line>
            <line number="103" hits="0" branch="False" />
            <line number="105" hits="6" branch="False" />
            <line number="106" hits="6" branch="False" />
            <line number="108" hits="96" branch="True" condition-coverage="100% (2/2)">
              <conditions>
                <condition number="197" type="jump" coverage="100%" />
              </conditions>
            </line>
            <line number="109" hits="40" branch="False" />
            <line number="110" hits="40" branch="True" condition-coverage="100% (6/6)">
              <conditions>
                <condition number="60" type="jump" coverage="100%" />
                <condition number="68" type="jump" coverage="100%" />
                <condition number="76" type="jump" coverage="100%" />
              </conditions>
            </line>
            <line number="113" hits="7" branch="False" />
            <line number="114" hits="7" branch="False" />
            <line number="115" hits="7" branch="False" />
            <line number="117" hits="5" branch="False" />
            <line number="118" hits="5" branch="True" condition-coverage="50% (1/2)">
              <conditions>
                <condition number="100" type="jump" coverage="50%" />
              </conditions>
            </line>
            <line number="119" hits="0" branch="False" />
            <line number="120" hits="5" branch="True" condition-coverage="50% (1/2)">
              <conditions>
                <condition number="118" type="jump" coverage="50%" />
              </conditions>
            </line>
            <line number="121" hits="0" branch="False" />
            <line number="122" hits="5" branch="False" />
            <line number="123" hits="5" branch="False" />
            <line number="125" hits="9" branch="True" condition-coverage="100% (2/2)">
              <conditions>
                <condition number="143" type="jump" coverage="100%" />
              </conditions>
            </line>
            <line number="126" hits="1" branch="False" />
            <line number="127" hits="8" branch="True" condition-coverage="100% (2/2)">
              <conditions>
                <condition number="161" type="jump" coverage="100%" />
              </conditions>
            </line>
            <line number="128" hits="1" branch="False" />
            <line number="129" hits="7" branch="False" />
            <line number="130" hits="7" branch="False" />
            <line number="132" hits="19" branch="False" />
            <line number="133" hits="19" branch="False" />
            <line number="135" hits="38" branch="False" />
            <line number="137" hits="4" branch="True" condition-coverage="100% (2/2)">
              <conditions>
                <condition number="210" type="jump" coverage="100%" />
              </conditions>
            </line>
            <line number="138" hits="1" branch="False" />
            <line number="139" hits="3" branch="True" condition-coverage="50% (1/2)">
              <conditions>
                <condition number="228" type="jump" coverage="50%" />
              </conditions>
            </line>
            <line number="140" hits="0" branch="False" />
            <line number="141" hits="3" branch="False" />
            <line number="84" hits="10" branch="False" />
            <line number="85" hits="10" branch="True" condition-coverage="100% (2/2)">
              <conditions>
                <condition number="17" type="jump" coverage="100%" />
              </conditions>
            </line>
            <line number="86" hits="8" branch="False" />
            <line number="87" hits="8" branch="False" />
            <line number="88" hits="8" branch="False" />
            <line number="89" hits="8" branch="False" />
            <line number="90" hits="10" branch="False" />
            <line number="8" hits="11" branch="False" />
            <line number="11" hits="10" branch="False" />
            <line number="12" hits="10" branch="False" />
            <line number="13" hits="10" branch="False" />
            <line number="15" hits="1" branch="False" />
            <line number="16" hits="1" branch="False" />
            <line number="17" hits="1" branch="False" />
            <line number="18" hits="1" branch="False" />
            <line number="19" hits="1" branch="False" />
          </lines>
        </class>
        <class name="SetAndMatrix.Models.MultisetElement" filename="MultisetElement.cs" line-rate="1" branch-rate="1" complexity="4">
          <methods>
            <method name="get_Element" signature="()" line-rate="1" branch-rate="1" complexity="1">
              <lines>
                <line number="5" hits="20" branch="False" />
              </lines>
            </method>
            <method name="get_Nested" signature="()" line-rate="1" branch-rate="1" complexity="1">
              <lines>
                <line number="6" hits="6" branch="False" />
              </lines>
            </method>
            <method name=".ctor" signature="(System.String)" line-rate="1" branch-rate="1" complexity="1">
              <lines>
                <line number="8" hits="9" branch="False" />
                <line number="9" hits="9" branch="False" />
                <line number="10" hits="9" branch="False" />
                <line number="11" hits="9" branch="False" />
              </lines>
            </method>
            <method name=".ctor" signature="(SetAndMatrix.Models.Multiset)" line-rate="1" branch-rate="1" complexity="1">
              <lines>
                <line number="13" hits="3" branch="False" />
                <line number="14" hits="3" branch="False" />
                <line number="15" hits="3" branch="False" />
                <line number="16" hits="3" branch="False" />
              </lines>
            </method>
          </methods>
          <lines>
            <line number="5" hits="20" branch="False" />
            <line number="6" hits="6" branch="False" />
            <line number="8" hits="9" branch="False" />
            <line number="9" hits="9" branch="False" />
            <line number="10" hits="9" branch="False" />
            <line number="11" hits="9" branch="False" />
            <line number="13" hits="3" branch="False" />
            <line number="14" hits="3" branch="False" />
            <line number="15" hits="3" branch="False" />
            <line number="16" hits="3" branch="False" />
          </lines>
        </class>
      </classes>
    </package>
  </packages>
</coverage>