SF:D:\Uni\PPOIS\L1\SetAndMatrix\Models\Matrix.cs
FN:8,System.Int32 SetAndMatrix.Models.Matrix::get_Rows()
FNDA:573,System.Int32 SetAndMatrix.Models.Matrix::get_Rows()
DA:9,573
FN:9,System.Int32 SetAndMatrix.Models.Matrix::get_Columns()
FNDA:605,System.Int32 SetAndMatrix.Models.Matrix::get_Columns()
DA:10,605
FN:14,System.Double SetAndMatrix.Models.Matrix::get_Item(System.Int32,System.Int32)
FNDA:180,System.Double SetAndMatrix.Models.Matrix::get_Item(System.Int32,System.Int32)
DA:15,180
DA:16,180
DA:17,0
DA:18,180
DA:19,180
BRDA:16,3,0,180
BRDA:16,12,0,180
BRDA:16,16,0,180
BRDA:16,3,1,0
BRDA:16,12,1,0
BRDA:16,16,1,0
BRDA:16,35,0,0
BRDA:16,35,1,180
FN:20,System.Void SetAndMatrix.Models.Matrix::set_Item(System.Int32,System.Int32,System.Double)
FNDA:208,System.Void SetAndMatrix.Models.Matrix::set_Item(System.Int32,System.Int32,System.Double)
DA:21,208
DA:22,208
DA:23,4
DA:24,204
DA:25,204
BRDA:22,3,0,207
BRDA:22,12,0,206
BRDA:22,16,0,205
BRDA:22,3,1,3
BRDA:22,12,1,3
BRDA:22,16,1,3
BRDA:22,35,0,4
BRDA:22,35,1,204
FN:33,SetAndMatrix.Models.Matrix SetAndMatrix.Models.Matrix::LoadFromFile(System.String)
FNDA:9,SetAndMatrix.Models.Matrix SetAndMatrix.Models.Matrix::LoadFromFile(System.String)
DA:34,9
DA:35,9
DA:36,2
DA:38,7
DA:40,3
DA:41,3
DA:42,3
DA:44,3
DA:46,18
DA:47,6
DA:48,6
DA:49,32
DA:50,10
DA:51,10
DA:52,10
DA:53,6
DA:55,3
DA:56,3
BRDA:35,11,0,2
BRDA:35,11,1,7
BRDA:46,141,1,6
BRDA:49,123,1,10
BRDA:49,123,0,6
BRDA:46,141,0,3
FN:58,SetAndMatrix.Models.Matrix SetAndMatrix.Models.Matrix::Expand(System.Int32,System.Int32)
FNDA:4,SetAndMatrix.Models.Matrix SetAndMatrix.Models.Matrix::Expand(System.Int32,System.Int32)
DA:59,4
DA:60,4
DA:61,3
DA:63,1
DA:65,6
DA:66,2
DA:67,12
DA:68,4
DA:69,4
DA:70,4
DA:71,2
DA:73,1
DA:74,1
BRDA:60,8,0,2
BRDA:60,8,1,2
BRDA:60,24,0,3
BRDA:60,24,1,1
BRDA:65,115,1,2
BRDA:67,95,1,4
BRDA:67,95,0,2
BRDA:65,115,0,1
FN:76,SetAndMatrix.Models.Matrix SetAndMatrix.Models.Matrix::Cut(System.Int32,System.Int32)
FNDA:5,SetAndMatrix.Models.Matrix SetAndMatrix.Models.Matrix::Cut(System.Int32,System.Int32)
DA:77,5
DA:78,5
DA:79,3
DA:81,2
DA:83,12
DA:84,4
DA:85,24
DA:86,8
DA:87,8
DA:88,8
DA:89,4
DA:91,2
DA:92,2
BRDA:78,8,0,3
BRDA:78,8,1,2
BRDA:78,24,0,3
BRDA:78,24,1,2
BRDA:83,105,1,4
BRDA:85,90,1,8
BRDA:85,90,0,4
BRDA:83,105,0,2
FN:94,SetAndMatrix.Models.Matrix SetAndMatrix.Models.Matrix::Transpose()
FNDA:4,SetAndMatrix.Models.Matrix SetAndMatrix.Models.Matrix::Transpose()
DA:95,4
DA:96,4
DA:98,22
DA:99,7
DA:100,44
DA:101,15
DA:102,15
DA:103,15
DA:104,7
DA:106,4
DA:107,4
BRDA:98,87,1,7
BRDA:100,67,1,15
BRDA:100,67,0,7
BRDA:98,87,0,4
FN:109,SetAndMatrix.Models.Matrix SetAndMatrix.Models.Matrix::Submatrix(System.Int32,System.Int32)
FNDA:4,SetAndMatrix.Models.Matrix SetAndMatrix.Models.Matrix::Submatrix(System.Int32,System.Int32)
DA:110,4
DA:111,4
DA:112,2
DA:114,2
DA:115,12
DA:116,4
DA:117,24
DA:118,8
DA:119,8
DA:120,8
DA:121,4
DA:123,2
DA:124,2
BRDA:111,8,0,3
BRDA:111,8,1,1
BRDA:111,24,0,2
BRDA:111,24,1,2
BRDA:115,100,1,4
BRDA:117,85,1,8
BRDA:117,85,0,4
BRDA:115,100,0,2
FN:126,System.Boolean SetAndMatrix.Models.Matrix::IsSquare()
FNDA:5,System.Boolean SetAndMatrix.Models.Matrix::IsSquare()
DA:127,5
FN:129,System.Boolean SetAndMatrix.Models.Matrix::IsDiagonal()
FNDA:2,System.Boolean SetAndMatrix.Models.Matrix::IsDiagonal()
DA:130,2
DA:131,10
DA:132,4
DA:133,28
DA:134,11
DA:135,12
DA:136,10
DA:137,3
DA:139,1
DA:140,2
BRDA:131,86,1,4
BRDA:133,66,1,11
BRDA:135,13,0,7
BRDA:135,13,1,4
BRDA:135,42,0,1
BRDA:135,42,1,10
BRDA:133,66,0,3
BRDA:131,86,0,1
FN:142,System.Boolean SetAndMatrix.Models.Matrix::IsZero()
FNDA:3,System.Boolean SetAndMatrix.Models.Matrix::IsZero()
DA:143,3
DA:144,14
DA:145,5
DA:146,30
DA:147,11
DA:148,12
DA:149,10
DA:150,4
DA:152,2
DA:153,3
BRDA:144,79,1,5
BRDA:146,59,1,11
BRDA:148,35,0,1
BRDA:148,35,1,10
BRDA:146,59,0,4
BRDA:144,79,0,2
FN:155,System.Boolean SetAndMatrix.Models.Matrix::IsIdentity()
FNDA:2,System.Boolean SetAndMatrix.Models.Matrix::IsIdentity()
DA:156,2
DA:157,2
DA:159,12
DA:160,5
DA:161,34
DA:162,13
DA:163,13
DA:164,5
DA:165,6
DA:166,4
DA:168,8
DA:169,8
DA:170,8
DA:171,12
DA:172,4
DA:174,1
DA:175,2
BRDA:157,20,0,0
BRDA:157,20,1,2
BRDA:159,169,1,5
BRDA:161,149,1,13
BRDA:163,47,0,5
BRDA:165,88,0,1
BRDA:165,88,1,4
BRDA:163,47,1,8
BRDA:169,124,0,0
BRDA:169,124,1,8
BRDA:161,149,0,4
BRDA:159,169,0,1
FN:178,System.Boolean SetAndMatrix.Models.Matrix::IsSymmetric()
FNDA:2,System.Boolean SetAndMatrix.Models.Matrix::IsSymmetric()
DA:179,2
DA:180,10
DA:181,4
DA:182,28
DA:183,11
DA:184,12
DA:185,10
DA:186,3
DA:188,1
DA:189,2
BRDA:180,90,1,4
BRDA:182,70,1,11
BRDA:184,46,0,1
BRDA:184,46,1,10
BRDA:182,70,0,3
BRDA:180,90,0,1
FN:191,System.Boolean SetAndMatrix.Models.Matrix::IsUpperTriangular()
FNDA:2,System.Boolean SetAndMatrix.Models.Matrix::IsUpperTriangular()
DA:192,2
DA:193,2
DA:195,8
DA:196,3
DA:197,12
DA:198,4
DA:199,5
DA:200,3
DA:201,2
DA:203,1
DA:204,2
BRDA:193,12,0,0
BRDA:193,12,1,2
BRDA:195,99,1,3
BRDA:197,79,1,4
BRDA:199,59,0,1
BRDA:199,59,1,3
BRDA:197,79,0,2
BRDA:195,99,0,1
FN:206,System.Boolean SetAndMatrix.Models.Matrix::IsLowerTriangular()
FNDA:1,System.Boolean SetAndMatrix.Models.Matrix::IsLowerTriangular()
DA:207,1
DA:208,1
DA:210,8
DA:211,3
DA:212,12
DA:213,3
DA:214,3
DA:215,3
DA:216,3
DA:218,1
DA:219,1
BRDA:208,12,0,0
BRDA:208,12,1,1
BRDA:210,106,1,3
BRDA:212,86,1,3
BRDA:214,61,0,0
BRDA:214,61,1,3
BRDA:212,86,0,3
BRDA:210,106,0,1
FN:227,System.Void SetAndMatrix.Models.Matrix::ValidateFile(System.String)
FNDA:7,System.Void SetAndMatrix.Models.Matrix::ValidateFile(System.String)
DA:228,7
DA:229,7
DA:230,0
DA:232,7
DA:233,1
DA:235,6
DA:236,6
DA:237,1
DA:239,5
DA:241,31
DA:242,9
DA:243,9
DA:245,9
DA:246,5
DA:247,4
DA:248,1
DA:250,51
DA:251,14
DA:252,14
DA:253,1
DA:254,13
DA:255,7
DA:256,3
BRDA:229,9,0,0
BRDA:229,9,1,7
BRDA:232,38,0,1
BRDA:232,38,1,6
BRDA:236,68,0,1
BRDA:236,68,1,5
BRDA:241,246,1,9
BRDA:245,123,0,5
BRDA:245,123,1,4
BRDA:247,146,0,1
BRDA:247,146,1,8
BRDA:250,231,1,14
BRDA:252,193,0,1
BRDA:252,193,1,13
BRDA:250,231,0,7
BRDA:241,246,0,3
FN:258,System.Boolean SetAndMatrix.Models.Matrix::op_Equality(SetAndMatrix.Models.Matrix,SetAndMatrix.Models.Matrix)
FNDA:17,System.Boolean SetAndMatrix.Models.Matrix::op_Equality(SetAndMatrix.Models.Matrix,SetAndMatrix.Models.Matrix)
DA:259,17
DA:260,17
DA:261,17
DA:262,18
DA:264,88
DA:265,166
DA:266,55
DA:267,2
DA:269,14
DA:270,17
BRDA:260,7,0,0
BRDA:260,7,1,17
BRDA:261,17,0,17
BRDA:261,17,1,0
BRDA:261,28,0,0
BRDA:261,28,1,17
BRDA:262,49,0,17
BRDA:262,49,1,0
BRDA:262,73,0,1
BRDA:262,73,1,16
BRDA:264,178,1,30
BRDA:265,156,1,55
BRDA:266,130,0,2
BRDA:266,130,1,53
BRDA:265,156,0,28
BRDA:264,178,0,14
FN:271,System.Boolean SetAndMatrix.Models.Matrix::op_Inequality(SetAndMatrix.Models.Matrix,SetAndMatrix.Models.Matrix)
FNDA:1,System.Boolean SetAndMatrix.Models.Matrix::op_Inequality(SetAndMatrix.Models.Matrix,SetAndMatrix.Models.Matrix)
DA:272,1
FN:274,System.String SetAndMatrix.Models.Matrix::ToString()
FNDA:1,System.String SetAndMatrix.Models.Matrix::ToString()
DA:275,1
DA:276,1
DA:277,6
DA:278,2
DA:279,12
DA:280,4
DA:281,2
DA:282,2
DA:284,1
DA:285,1
BRDA:277,93,1,2
BRDA:279,66,1,4
BRDA:279,66,0,2
BRDA:277,93,0,1
FN:287,System.Boolean SetAndMatrix.Models.Matrix::Equals(System.Object)
FNDA:3,System.Boolean SetAndMatrix.Models.Matrix::Equals(System.Object)
DA:288,3
DA:289,3
DA:290,2
DA:291,1
DA:292,3
BRDA:289,14,0,2
BRDA:289,14,1,1
FN:294,System.Int32 SetAndMatrix.Models.Matrix::GetHashCode()
FNDA:2,System.Int32 SetAndMatrix.Models.Matrix::GetHashCode()
DA:295,2
DA:296,2
DA:297,12
DA:298,24
DA:299,8
DA:300,2
DA:301,2
BRDA:297,70,1,4
BRDA:298,51,1,8
BRDA:298,51,0,4
BRDA:297,70,0,2
FN:5,System.Void SetAndMatrix.Models.Matrix::.ctor(System.Int32,System.Int32)
FNDA:77,System.Void SetAndMatrix.Models.Matrix::.ctor(System.Int32,System.Int32)
DA:6,77
DA:8,77
FN:27,System.Void SetAndMatrix.Models.Matrix::.ctor(SetAndMatrix.Models.Matrix)
FNDA:1,System.Void SetAndMatrix.Models.Matrix::.ctor(SetAndMatrix.Models.Matrix)
DA:28,1
DA:29,1
DA:30,1
DA:31,1
LF:212
LH:210
BRF:140
BRH:126
FNF:24
FNH:24
end_of_record
SF:D:\Uni\PPOIS\L1\SetAndMatrix\Models\Multiset.cs
FN:8,System.Void SetAndMatrix.Models.Multiset::Add(SetAndMatrix.Models.MultisetElement)
FNDA:10,System.Void SetAndMatrix.Models.Multiset::Add(SetAndMatrix.Models.MultisetElement)
DA:9,10
FN:21,System.String SetAndMatrix.Models.Multiset::ToString()
FNDA:6,System.String SetAndMatrix.Models.Multiset::ToString()
DA:22,6
DA:23,6
DA:24,6
DA:26,32
DA:27,10
DA:28,10
DA:29,10
DA:30,8
DA:31,2
DA:32,2
DA:34,10
DA:35,5
DA:36,10
DA:38,6
DA:39,6
DA:40,6
BRDA:26,144,1,10
BRDA:29,45,0,8
BRDA:29,45,1,2
BRDA:31,75,0,2
BRDA:31,75,1,10
BRDA:34,110,0,5
BRDA:34,110,1,10
BRDA:26,144,0,6
FN:42,SetAndMatrix.Models.Multiset SetAndMatrix.Models.Multiset::Parse(System.String)
FNDA:6,SetAndMatrix.Models.Multiset SetAndMatrix.Models.Multiset::Parse(System.String)
DA:43,6
DA:44,6
DA:45,3
DA:46,3
DA:47,3
DA:49,69
DA:50,30
DA:51,30
DA:52,5
DA:53,5
DA:55,5
DA:56,2
DA:58,3
DA:60,5
DA:61,5
DA:62,25
DA:63,5
DA:64,5
DA:65,5
DA:66,5
DA:67,20
DA:68,5
DA:69,5
DA:70,5
DA:72,15
DA:73,15
DA:74,15
DA:75,15
DA:76,30
DA:78,3
DA:79,0
DA:81,3
DA:91,3
BRDA:49,263,1,30
BRDA:51,65,0,5
BRDA:55,93,0,2
BRDA:55,93,1,3
BRDA:51,65,1,25
BRDA:62,151,0,5
BRDA:62,151,1,20
BRDA:67,187,0,5
BRDA:67,187,1,15
BRDA:73,212,1,15
BRDA:73,212,0,30
BRDA:49,263,0,3
BRDA:78,279,0,0
BRDA:78,279,1,3
BRDA:78,302,0,0
BRDA:78,302,1,3
FN:100,System.Void SetAndMatrix.Models.Multiset::Validate(System.String)
FNDA:6,System.Void SetAndMatrix.Models.Multiset::Validate(System.String)
DA:101,6
DA:102,6
DA:103,0
DA:105,6
DA:106,6
DA:108,96
DA:109,40
DA:110,40
DA:113,7
DA:114,7
DA:115,7
DA:117,5
DA:118,5
DA:119,0
DA:120,5
DA:121,0
DA:122,5
DA:123,5
DA:125,9
DA:126,1
DA:127,8
DA:128,1
DA:129,7
DA:130,7
DA:132,19
DA:133,19
DA:135,38
DA:137,4
DA:138,1
DA:139,3
DA:140,0
DA:141,3
BRDA:102,9,0,0
BRDA:102,9,1,6
BRDA:108,197,1,40
BRDA:110,60,0,31
BRDA:110,68,0,24
BRDA:110,68,1,7
BRDA:110,76,1,5
BRDA:118,100,0,0
BRDA:118,100,1,5
BRDA:120,118,0,0
BRDA:120,118,1,5
BRDA:110,60,1,9
BRDA:125,143,0,1
BRDA:125,143,1,8
BRDA:127,161,0,1
BRDA:127,161,1,7
BRDA:110,76,0,19
BRDA:108,197,0,4
BRDA:137,210,0,1
BRDA:137,210,1,3
BRDA:139,228,0,0
BRDA:139,228,1,3
FN:83,System.Void SetAndMatrix.Models.Multiset::<Parse>g__AddElementIfNotEmpty|5_0(SetAndMatrix.Models.Multiset/<>c__DisplayClass5_0&)
FNDA:10,System.Void SetAndMatrix.Models.Multiset::<Parse>g__AddElementIfNotEmpty|5_0(SetAndMatrix.Models.Multiset/<>c__DisplayClass5_0&)
DA:84,10
DA:85,10
DA:86,8
DA:87,8
DA:88,8
DA:89,8
DA:90,10
BRDA:85,17,0,8
BRDA:85,17,1,10
FN:7,System.Void SetAndMatrix.Models.Multiset::.ctor()
FNDA:11,System.Void SetAndMatrix.Models.Multiset::.ctor()
DA:8,11
DA:11,10
DA:12,10
DA:13,10
FN:14,System.Void SetAndMatrix.Models.Multiset::.ctor(System.String)
FNDA:1,System.Void SetAndMatrix.Models.Multiset::.ctor(System.String)
DA:15,1
DA:16,1
DA:17,1
DA:18,1
DA:19,1
LF:98
LH:93
BRF:48
BRH:42
FNF:7
FNH:7
end_of_record
SF:D:\Uni\PPOIS\L1\SetAndMatrix\Models\MultisetElement.cs
FN:4,System.String SetAndMatrix.Models.MultisetElement::get_Element()
FNDA:20,System.String SetAndMatrix.Models.MultisetElement::get_Element()
DA:5,20
FN:5,SetAndMatrix.Models.Multiset SetAndMatrix.Models.MultisetElement::get_Nested()
FNDA:6,SetAndMatrix.Models.Multiset SetAndMatrix.Models.MultisetElement::get_Nested()
DA:6,6
FN:7,System.Void SetAndMatrix.Models.MultisetElement::.ctor(System.String)
FNDA:9,System.Void SetAndMatrix.Models.MultisetElement::.ctor(System.String)
DA:8,9
DA:9,9
DA:10,9
DA:11,9
FN:12,System.Void SetAndMatrix.Models.MultisetElement::.ctor(SetAndMatrix.Models.Multiset)
FNDA:3,System.Void SetAndMatrix.Models.MultisetElement::.ctor(SetAndMatrix.Models.Multiset)
DA:13,3
DA:14,3
DA:15,3
DA:16,3
LF:10
LH:10
BRF:0
BRH:0
FNF:4
FNH:4
end_of_record